build/app/outputs/mapping/release/mapping.txt
# compiler: R8
# compiler_version: 1.5.64
# min_api: 21
# pg_map_id: 76b1b20
com.fariha.students_assistant.MainActivity -> com.fariha.students_assistant.MainActivity:
    void configureFlutterEngine(io.flutter.embedding.engine.FlutterEngine) -> b
...
com.google.firebase.auth.api.internal.zzds -> com.google.firebase.auth.k0.a.q1:
    int zzb -> b
    int zza -> a
    int zza(int) -> a
    int zzb() -> a
    int zzb(int) -> b
    int zzc() -> b
com.google.firebase.auth.api.internal.zzdt -> com.google.firebase.auth.k0.a.r1:
    com.google.firebase.auth.api.internal.zzed zza() -> a
com.google.firebase.auth.api.internal.zzdv -> com.google.firebase.auth.k0.a.s1:
    android.util.SparseArray zza -> a
    com.google.firebase.FirebaseException zza(com.google.android.gms.common.api.Status) -> a
    com.google.firebase.auth.FirebaseAuthUserCollisionException zza(com.google.android.gms.common.api.Status,com.google.firebase.auth.AuthCredential,java.lang.String,java.lang.String) -> a
    com.google.firebase.auth.zzs zza(com.google.firebase.auth.FirebaseAuth,com.google.android.gms.internal.firebase_auth.zzej,com.google.firebase.auth.FirebaseUser) -> a
    java.lang.String zza(int) -> a
    java.lang.String zza(java.lang.String,com.google.android.gms.common.api.Status) -> a
    java.lang.String zzb(int) -> b
com.google.firebase.auth.api.internal.zzdw -> com.google.firebase.auth.k0.a.t1:
    com.google.android.gms.common.logging.Logger zza -> z
    android.content.Context zzb -> x
    com.google.firebase.auth.api.internal.zzei zzc -> y
    android.os.IInterface createServiceInterface(android.os.IBinder) -> a
    com.google.firebase.auth.api.internal.zzed zza() -> a
    boolean requiresGooglePlayServices() -> j
    int getMinApkVersion() -> k
    com.google.android.gms.common.Feature[] getApiFeatures() -> o
    android.os.Bundle getGetServiceRequestExtraArgs() -> r
    java.lang.String getServiceDescriptor() -> v
    java.lang.String getStartServiceAction() -> w
    java.lang.String getStartServicePackage() -> x
com.google.firebase.auth.api.internal.zzdz -> com.google.firebase.auth.k0.a.u1:
com.google.firebase.auth.api.internal.zzeb -> com.google.firebase.auth.k0.a.v1:
    boolean zza(int,android.os.Parcel,android.os.Parcel,int) -> a
com.google.firebase.auth.api.internal.zzec -> com.google.firebase.auth.k0.a.w1:
    void zza(com.google.android.gms.common.api.Status) -> a
    void zza(com.google.android.gms.common.api.Status,com.google.firebase.auth.PhoneAuthCredential) -> a
    void zza(com.google.android.gms.internal.firebase_auth.zzeh) -> a
    void zza(com.google.android.gms.internal.firebase_auth.zzej) -> a
    void zza(com.google.android.gms.internal.firebase_auth.zzem) -> a
    void zza(com.google.android.gms.internal.firebase_auth.zzff) -> a
    void zza(com.google.android.gms.internal.firebase_auth.zzff,com.google.android.gms.internal.firebase_auth.zzew) -> a
    void zza(com.google.android.gms.internal.firebase_auth.zzfm) -> a
    void zza(com.google.firebase.auth.PhoneAuthCredential) -> a
    void zza(java.lang.String) -> a
    void zzb() -> b
    void zzc(java.lang.String) -> b
    void zzb(java.lang.String) -> c
    void zzc() -> c
    void a_() -> e